<?xml version="1.0" encoding="UTF-8"?>
<testng-results skipped="0" failed="0" ignored="0" total="1" passed="1">
  <reporter-output>
  </reporter-output>
  <suite name="Surefire suite" duration-ms="26" started-at="2021-05-24T12:03:24 IST" finished-at="2021-05-24T12:03:24 IST">
    <groups>
    </groups>
    <test name="Surefire test" duration-ms="26" started-at="2021-05-24T12:03:24 IST" finished-at="2021-05-24T12:03:24 IST">
      <class name="MayurMaven.MayursMavenProject.AppTest">
        <test-method status="PASS" signature="testApp()[pri:0, instance:testApp(MayurMaven.MayursMavenProject.AppTest)]" name="testApp" duration-ms="2" started-at="2021-05-24T12:03:24 IST" finished-at="2021-05-24T12:03:24 IST">
          <reporter-output>
          </reporter-output>
        </test-method> <!-- testApp -->
      </class> <!-- MayurMaven.MayursMavenProject.AppTest -->
    </test> <!-- Surefire test -->
  </suite> <!-- Surefire suite -->
</testng-results>
