<?xml version="1.0" encoding="UTF-8"?>
<!-- Generated by org.testng.reporters.JUnitXMLReporter -->
<testsuite hostname="Asus-PC" ignored="0" name="Test" tests="4" failures="0" timestamp="05 Jun 2021 05:20:30 GMT" time="0.288" errors="0">
  <testcase name="browswerAutomation" time="0.059" classname="MayurMaven.MayursMavenProject.SeleniumTest"/>
  <testcase name="elementUI" time="0.004" classname="MayurMaven.MayursMavenProject.SeleniumTest"/>
  <testcase name="deleteTwitter" time="0.005" classname="MayurMaven.MayursMavenProject.RestAPITest"/>
  <testcase name="postJira" time="0.004" classname="MayurMaven.MayursMavenProject.RestAPITest"/>
</testsuite> <!-- Test -->
