<?xml version="1.0" encoding="UTF-8"?>
<testng-results skipped="0" failed="0" ignored="0" total="6" passed="6">
  <reporter-output>
  </reporter-output>
  <suite name="Surefire suite" duration-ms="194" started-at="2021-05-24T12:03:24 IST" finished-at="2021-05-24T12:03:24 IST">
    <groups>
    </groups>
    <test name="Surefire test" duration-ms="194" started-at="2021-05-24T12:03:24 IST" finished-at="2021-05-24T12:03:24 IST">
      <class name="MayurMaven.MayursMavenProject.RestAPITest">
        <test-method status="PASS" signature="deleteTwitter()[pri:0, instance:MayurMaven.MayursMavenProject.RestAPITest@5d76b067]" name="deleteTwitter" duration-ms="1" started-at="2021-05-24T12:03:24 IST" finished-at="2021-05-24T12:03:24 IST">
          <reporter-output>
          </reporter-output>
        </test-method> <!-- deleteTwitter -->
        <test-method status="PASS" signature="postJira()[pri:0, instance:MayurMaven.MayursMavenProject.RestAPITest@5d76b067]" name="postJira" duration-ms="1" started-at="2021-05-24T12:03:24 IST" finished-at="2021-05-24T12:03:24 IST">
          <reporter-output>
          </reporter-output>
        </test-method> <!-- postJira -->
      </class> <!-- MayurMaven.MayursMavenProject.RestAPITest -->
      <class name="MayurMaven.MayursMavenProject.AppiumTest">
        <test-method status="PASS" signature="IOSApp()[pri:0, instance:MayurMaven.MayursMavenProject.AppiumTest@6737fd8f]" name="IOSApp" duration-ms="18" started-at="2021-05-24T12:03:24 IST" finished-at="2021-05-24T12:03:24 IST">
          <reporter-output>
          </reporter-output>
        </test-method> <!-- IOSApp -->
        <test-method status="PASS" signature="NativeAppAndroid()[pri:0, instance:MayurMaven.MayursMavenProject.AppiumTest@6737fd8f]" name="NativeAppAndroid" duration-ms="1" started-at="2021-05-24T12:03:24 IST" finished-at="2021-05-24T12:03:24 IST">
          <reporter-output>
          </reporter-output>
        </test-method> <!-- NativeAppAndroid -->
      </class> <!-- MayurMaven.MayursMavenProject.AppiumTest -->
      <class name="MayurMaven.MayursMavenProject.SeleniumTest">
        <test-method status="PASS" signature="browswerAutomation()[pri:0, instance:MayurMaven.MayursMavenProject.SeleniumTest@2a17b7b6]" name="browswerAutomation" duration-ms="1" started-at="2021-05-24T12:03:24 IST" finished-at="2021-05-24T12:03:24 IST">
          <reporter-output>
          </reporter-output>
        </test-method> <!-- browswerAutomation -->
        <test-method status="PASS" signature="elementUI()[pri:0, instance:MayurMaven.MayursMavenProject.SeleniumTest@2a17b7b6]" name="elementUI" duration-ms="2" started-at="2021-05-24T12:03:24 IST" finished-at="2021-05-24T12:03:24 IST">
          <reporter-output>
          </reporter-output>
        </test-method> <!-- elementUI -->
      </class> <!-- MayurMaven.MayursMavenProject.SeleniumTest -->
    </test> <!-- Surefire test -->
  </suite> <!-- Surefire suite -->
</testng-results>
