<?xml version="1.0" encoding="UTF-8"?>
<!-- Generated by org.testng.reporters.JUnitXMLReporter -->
<testsuite hostname="Asus-PC" ignored="0" name="Test" tests="6" failures="0" timestamp="2021-05-24T12:45:50 IST" time="0.273" errors="0">
  <testcase name="browswerAutomation" time="0.017" classname="MayurMaven.MayursMavenProject.SeleniumTest"/>
  <testcase name="elementUI" time="0.001" classname="MayurMaven.MayursMavenProject.SeleniumTest"/>
  <testcase name="IOSApp" time="0.001" classname="MayurMaven.MayursMavenProject.AppiumTest"/>
  <testcase name="NativeAppAndroid" time="0.001" classname="MayurMaven.MayursMavenProject.AppiumTest"/>
  <testcase name="deleteTwitter" time="0.002" classname="MayurMaven.MayursMavenProject.RestAPITest"/>
  <testcase name="postJira" time="0.009" classname="MayurMaven.MayursMavenProject.RestAPITest"/>
</testsuite> <!-- Test -->
